<?xml version="1.0" encoding="UTF-8" ?>
<testsuite tests="15" failures="0" name="io.connecto.connectoapi.ConnectoAPITest" time="0.075" errors="0" skipped="0">
  <properties>
[...]
</properties>
  <testcase classname="io.connecto.connectoapi.ConnectoAPITest" name="testEmptyJSON" time="0.032"/>
  <testcase classname="io.connecto.connectoapi.ConnectoAPITest" name="testIdentifyMessageBuilds" time="0"/>
  <testcase classname="io.connecto.connectoapi.ConnectoAPITest" name="testIdentifyWithBadArguments" time="0.002"/>
  <testcase classname="io.connecto.connectoapi.ConnectoAPITest" name="testMessageFormat" time="0.001"/>
  <testcase classname="io.connecto.connectoapi.ConnectoAPITest" name="testModifiers" time="0.001"/>
  <testcase classname="io.connecto.connectoapi.ConnectoAPITest" name="testEmptyMessageFormat" time="0.001"/>
  <testcase classname="io.connecto.connectoapi.ConnectoAPITest" name="testValidate" time="0.001"/>
  <testcase classname="io.connecto.connectoapi.ConnectoAPITest" name="testClientDelivery" time="0.001"/>
  <testcase classname="io.connecto.connectoapi.ConnectoAPITest" name="testApiSendIpArgs" time="0.001"/>
  <testcase classname="io.connecto.connectoapi.ConnectoAPITest" name="testApiSendEvent" time="0.001"/>
  <testcase classname="io.connecto.connectoapi.ConnectoAPITest" name="testApiSendIdentify" time="0.002"/>
  <testcase classname="io.connecto.connectoapi.ConnectoAPITest" name="testExpectedEventProperties" time="0"/>
  <testcase classname="io.connecto.connectoapi.ConnectoAPITest" name="testExpectedIdentifyParams" time="0.001"/>
  <testcase classname="io.connecto.connectoapi.ConnectoAPITest" name="testEmptyDelivery" time="0"/>
  <testcase classname="io.connecto.connectoapi.ConnectoAPITest" name="testLargeDelivery" time="0.031"/>
</testsuite>